nohup: ignoring input
Ligands10000/
Ligands10000/Ligands258.dict
Ligands10000/Ligands443.pdbqt
Ligands10000/Ligands917.dict
Ligands10000/Ligands467.pdbqt
Ligands10000/Ligands306.dict
Ligands10000/Ligands456.dict
Ligands10000/Ligands480.dict
Ligands10000/Ligands388.dict
Ligands10000/Ligands89.dict
Ligands10000/Ligands324.pdbqt
Ligands10000/Ligands936.pdbqt
Ligands10000/Ligands632.dict
Ligands10000/Ligands786.dict
Ligands10000/Ligands791.dict
Ligands10000/Ligands799.dict
Ligands10000/Ligands77.pdbqt
Ligands10000/Ligands513.pdbqt
Ligands10000/Ligands149.dict
Ligands10000/Ligands688.dict
Ligands10000/Ligands67.dict
Ligands10000/Ligands250.pdbqt
Ligands10000/Ligands55.pdbqt
Ligands10000/Ligands620.dict
Ligands10000/Ligands322.dict
Ligands10000/Ligands827.dict
Ligands10000/Ligands488.dict
Ligands10000/Ligands548.pdbqt
Ligands10000/Ligands631.dict
Ligands10000/Ligands510.pdbqt
Ligands10000/Ligands705.dict
Ligands10000/Ligands823.pdbqt
Ligands10000/Ligands84.dict
Ligands10000/Ligands516.dict
Ligands10000/Ligands369.dict
Ligands10000/Ligands251.dict
Ligands10000/Ligands517.dict
Ligands10000/Ligands139.pdbqt
Ligands10000/Ligands738.dict
Ligands10000/Ligands333.pdbqt
Ligands10000/Ligands717.pdbqt
Ligands10000/Ligands810.dict
Ligands10000/Ligands149.pdbqt
Ligands10000/Ligands881.dict
Ligands10000/Ligands64.pdbqt
Ligands10000/Ligands140.pdbqt
Ligands10000/Ligands586.dict
Ligands10000/Ligands808.dict
Ligands10000/Ligands270.pdbqt
Ligands10000/Ligands48.dict
Ligands10000/Ligands648.dict
Ligands10000/Ligands608.dict
Ligands10000/Ligands71.dict
Ligands10000/Ligands925.dict
Ligands10000/Ligands907.dict
Ligands10000/Ligands477.dict
Ligands10000/Ligands478.pdbqt
Ligands10000/Ligands469.pdbqt
Ligands10000/Ligands629.dict
Ligands10000/Ligands856.dict
Ligands10000/Ligands664.dict
Ligands10000/Ligands606.dict
Ligands10000/Ligands447.dict
Ligands10000/Ligands915.pdbqt
Ligands10000/Ligands640.pdbqt
Ligands10000/Ligands247.dict
Ligands10000/Ligands889.pdbqt
Ligands10000/Ligands538.pdbqt
Ligands10000/Ligands281.pdbqt
Ligands10000/Ligands579.dict
Ligands10000/Ligands889.dict
Ligands10000/Ligands230.dict
Ligands10000/Ligands856.pdbqt
Ligands10000/Ligands244.pdbqt
Ligands10000/Ligands850.pdbqt
Ligands10000/Ligands717.dict
Ligands10000/Ligands540.pdbqt
Ligands10000/Ligands279.pdbqt
Ligands10000/Ligands156.dict
Ligands10000/Ligands315.dict
Ligands10000/Ligands698.pdbqt
Ligands10000/Ligands237.pdbqt
Ligands10000/Ligands383.dict
Ligands10000/Ligands719.pdbqt
Ligands10000/Ligands739.dict
Ligands10000/Ligands932.pdbqt
Ligands10000/Ligands206.pdbqt
Ligands10000/Ligands761.dict
Ligands10000/Ligands888.dict
Ligands10000/Ligands931.pdbqt
Ligands10000/Ligands795.dict
Ligands10000/Ligands417.pdbqt
Ligands10000/Ligands553.dict
Ligands10000/Ligands828.dict
Ligands10000/Ligands652.dict
Ligands10000/Ligands368.pdbqt
Ligands10000/Ligands365.pdbqt
Ligands10000/Ligands784.pdbqt
Ligands10000/Ligands326.pdbqt
Ligands10000/Ligands483.dict
Ligands10000/Ligands32.dict
Ligands10000/Ligands659.dict
Ligands10000/Ligands219.pdbqt
Ligands10000/Ligands914.dict
Ligands10000/Ligands85.dict
Ligands10000/Ligands339.pdbqt
Ligands10000/Ligands618.dict
Ligands10000/Ligands628.pdbqt
Ligands10000/Ligands783.pdbqt
Ligands10000/Ligands626.pdbqt
Ligands10000/Ligands877.dict
Ligands10000/Ligands453.pdbqt
Ligands10000/Ligands827.pdbqt
Ligands10000/Ligands346.dict
Ligands10000/Ligands829.pdbqt
Ligands10000/Ligands379.dict
Ligands10000/Ligands395.pdbqt
Ligands10000/Ligands33.pdbqt
Ligands10000/Ligands787.pdbqt
Ligands10000/Ligands95.pdbqt
Ligands10000/Ligands641.dict
Ligands10000/Ligands118.dict
Ligands10000/Ligands109.dict
Ligands10000/Ligands297.pdbqt
Ligands10000/Ligands96.dict
Ligands10000/Ligands351.dict
Ligands10000/Ligands401.pdbqt
Ligands10000/Ligands796.dict
Ligands10000/Ligands905.pdbqt
Ligands10000/Ligands389.pdbqt
Ligands10000/Ligands424.pdbqt
Ligands10000/Ligands862.pdbqt
Ligands10000/Ligands518.pdbqt
Ligands10000/Ligands924.pdbqt
Ligands10000/Ligands47.dict
Ligands10000/Ligands458.dict
Ligands10000/Ligands680.pdbqt
Ligands10000/Ligands381.dict
Ligands10000/Ligands344.pdbqt
Ligands10000/Ligands577.dict
Ligands10000/Ligands768.dict
Ligands10000/Ligands704.pdbqt
Ligands10000/Ligands431.pdbqt
Ligands10000/Ligands31.pdbqt
Ligands10000/Ligands912.dict
Ligands10000/Ligands678.dict
Ligands10000/Ligands410.pdbqt
Ligands10000/Ligands279.dict
Ligands10000/Ligands433.dict
Ligands10000/Ligands558.pdbqt
Ligands10000/Ligands444.dict
Ligands10000/Ligands715.pdbqt
Ligands10000/Ligands710.dict
Ligands10000/Ligands61.pdbqt
Ligands10000/Ligands226.dict
Ligands10000/Ligands220.pdbqt
Ligands10000/Ligands705.pdbqt
Ligands10000/Ligands789.dict
Ligands10000/Ligands863.pdbqt
Ligands10000/Ligands263.dict
Ligands10000/Ligands730.dict
Ligands10000/Ligands884.dict
Ligands10000/Ligands508.dict
Ligands10000/Ligands168.pdbqt
Ligands10000/Ligands411.dict
Ligands10000/Ligands903.dict
Ligands10000/Ligands880.dict
Ligands10000/Ligands100.pdbqt
Ligands10000/Ligands34.dict
Ligands10000/Ligands589.dict
Ligands10000/Ligands305.pdbqt
Ligands10000/Ligands725.pdbqt
Ligands10000/Ligands473.pdbqt
Ligands10000/Ligands314.pdbqt
Ligands10000/Ligands764.pdbqt
Ligands10000/Ligands452.pdbqt
Ligands10000/Ligands132.dict
Ligands10000/Ligands5.dict
Ligands10000/Ligands29.pdbqt
Ligands10000/Ligands203.pdbqt
Ligands10000/Ligands294.pdbqt
Ligands10000/Ligands805.pdbqt
Ligands10000/Ligands283.pdbqt
Ligands10000/Ligands895.dict
Ligands10000/Ligands504.pdbqt
Ligands10000/Ligands281.dict
Ligands10000/Ligands239.pdbqt
Ligands10000/Ligands302.pdbqt
Ligands10000/Ligands26.pdbqt
Ligands10000/Ligands885.dict
Ligands10000/Ligands668.pdbqt
Ligands10000/Ligands720.dict
Ligands10000/Ligands722.pdbqt
Ligands10000/Ligands103.dict
Ligands10000/Ligands636.dict
Ligands10000/Ligands282.pdbqt
Ligands10000/Ligands244.dict
Ligands10000/Ligands290.pdbqt
Ligands10000/Ligands632.pdbqt
Ligands10000/Ligands106.dict
Ligands10000/Ligands604.dict
Ligands10000/Ligands292.dict
Ligands10000/Ligands716.dict
Ligands10000/Ligands470.pdbqt
Ligands10000/Ligands366.pdbqt
Ligands10000/Ligands361.dict
Ligands10000/Ligands312.dict
Ligands10000/Ligands475.dict
Ligands10000/Ligands557.pdbqt
Ligands10000/Ligands102.dict
Ligands10000/Ligands368.dict
Ligands10000/Ligands101.dict
Ligands10000/Ligands568.pdbqt
Ligands10000/Ligands422.dict
Ligands10000/Ligands691.dict
Ligands10000/Ligands798.dict
Ligands10000/Ligands88.dict
Ligands10000/Ligands210.pdbqt
Ligands10000/Ligands142.pdbqt
Ligands10000/Ligands699.pdbqt
Ligands10000/Ligands274.pdbqt
Ligands10000/Ligands696.dict
Ligands10000/Ligands266.dict
Ligands10000/Ligands372.pdbqt
Ligands10000/Ligands120.dict
Ligands10000/Ligands201.pdbqt
Ligands10000/Ligands162.pdbqt
Ligands10000/Ligands928.pdbqt
Ligands10000/Ligands262.pdbqt
Ligands10000/Ligands515.dict
Ligands10000/Ligands512.dict
Ligands10000/Ligands277.pdbqt
Ligands10000/Ligands776.pdbqt
Ligands10000/Ligands114.dict
Ligands10000/Ligands386.dict
Ligands10000/Ligands927.dict
Ligands10000/Ligands912.pdbqt
Ligands10000/Ligands253.dict
Ligands10000/Ligands41.pdbqt
Ligands10000/Ligands617.pdbqt
Ligands10000/Ligands699.dict
Ligands10000/Ligands165.pdbqt
Ligands10000/Ligands772.dict
Ligands10000/Ligands59.dict
Ligands10000/Ligands311.dict
Ligands10000/Ligands561.pdbqt
Ligands10000/Ligands56.dict
Ligands10000/Ligands232.dict
Ligands10000/Ligands832.pdbqt
Ligands10000/Ligands821.dict
Ligands10000/Ligands426.dict
Ligands10000/Ligands578.pdbqt
Ligands10000/Ligands413.pdbqt
Ligands10000/Ligands930.pdbqt
Ligands10000/Ligands154.pdbqt
Ligands10000/Ligands614.dict
Ligands10000/Ligands103.pdbqt
Ligands10000/Ligands325.dict
Ligands10000/Ligands545.dict
Ligands10000/Ligands233.dict
Ligands10000/Ligands386.pdbqt
Ligands10000/Ligands660.pdbqt
Ligands10000/Ligands105.pdbqt
Ligands10000/Ligands130.dict
Ligands10000/Ligands86.dict
Ligands10000/Ligands448.pdbqt
Ligands10000/Ligands815.dict
Ligands10000/Ligands100.dict
Ligands10000/Ligands878.pdbqt
Ligands10000/Ligands749.pdbqt
Ligands10000/Ligands273.dict
Ligands10000/Ligands199.pdbqt
Ligands10000/Ligands751.dict
Ligands10000/Ligands752.dict
Ligands10000/Ligands439.pdbqt
Ligands10000/Ligands50.dict
Ligands10000/Ligands673.dict
Ligands10000/Ligands680.dict
Ligands10000/Ligands701.dict
Ligands10000/Ligands554.pdbqt
Ligands10000/Ligands415.pdbqt
Ligands10000/Ligands272.pdbqt
Ligands10000/Ligands600.dict
Ligands10000/Ligands207.pdbqt
Ligands10000/Ligands695.dict
Ligands10000/Ligands270.dict
Ligands10000/Ligands16.dict
Ligands10000/Ligands734.pdbqt
Ligands10000/Ligands559.pdbqt
Ligands10000/Ligands688.pdbqt
Ligands10000/Ligands830.dict
Ligands10000/Ligands564.dict
Ligands10000/Ligands121.pdbqt
Ligands10000/Ligands53.pdbqt
Ligands10000/Ligands316.pdbqt
Ligands10000/Ligands347.pdbqt
Ligands10000/Ligands353.pdbqt
Ligands10000/Ligands805.dict
Ligands10000/Ligands572.pdbqt
Ligands10000/Ligands724.pdbqt
Ligands10000/Ligands811.pdbqt
Ligands10000/Ligands17.pdbqt
Ligands10000/Ligands835.dict
Ligands10000/Ligands193.dict
Ligands10000/Ligands264.pdbqt
Ligands10000/Ligands736.pdbqt
Ligands10000/Ligands497.dict
Ligands10000/Ligands706.pdbqt
Ligands10000/Ligands315.pdbqt
Ligands10000/Ligands790.dict
Ligands10000/Ligands241.pdbqt
Ligands10000/Ligands809.pdbqt
Ligands10000/Ligands403.dict
Ligands10000/Ligands747.pdbqt
Ligands10000/Ligands529.dict
Ligands10000/Ligands609.dict
Ligands10000/Ligands132.pdbqt
Ligands10000/Ligands506.pdbqt
Ligands10000/Ligands561.dict
Ligands10000/Ligands271.dict
Ligands10000/Ligands356.dict
Ligands10000/Ligands861.dict
Ligands10000/Ligands331.pdbqt
Ligands10000/Ligands376.pdbqt
Ligands10000/Ligands565.pdbqt
Ligands10000/Ligands662.pdbqt
Ligands10000/Ligands822.pdbqt
Ligands10000/Ligands393.dict
Ligands10000/Ligands161.dict
Ligands10000/Ligands284.pdbqt
Ligands10000/Ligands862.dict
Ligands10000/Ligands208.dict
Ligands10000/Ligands423.dict
Ligands10000/Ligands139.dict
Ligands10000/Ligands772.pdbqt
Ligands10000/Ligands162.dict
Ligands10000/Ligands893.pdbqt
Ligands10000/Ligands667.dict
Ligands10000/Ligands146.dict
Ligands10000/Ligands229.dict
Ligands10000/Ligands461.pdbqt
Ligands10000/Ligands940.dict
Ligands10000/Ligands108.pdbqt
Ligands10000/Ligands605.dict
Ligands10000/Ligands587.dict
Ligands10000/Ligands890.dict
Ligands10000/Ligands261.pdbqt
Ligands10000/Ligands267.pdbqt
Ligands10000/Ligands140.dict
Ligands10000/Ligands245.dict
Ligands10000/Ligands510.dict
Ligands10000/Ligands938.dict
Ligands10000/Ligands690.pdbqt
Ligands10000/Ligands894.pdbqt
Ligands10000/Ligands761.pdbqt
Ligands10000/Ligands869.pdbqt
Ligands10000/Ligands616.pdbqt
Ligands10000/Ligands486.pdbqt
Ligands10000/Ligands765.dict
Ligands10000/Ligands520.pdbqt
Ligands10000/Ligands864.dict
Ligands10000/Ligands371.dict
Ligands10000/Ligands325.pdbqt
Ligands10000/Ligands547.pdbqt
Ligands10000/Ligands288.dict
Ligands10000/Ligands97.pdbqt
Ligands10000/Ligands383.pdbqt
Ligands10000/Ligands7.pdbqt
Ligands10000/Ligands328.pdbqt
Ligands10000/Ligands753.dict
Ligands10000/Ligands714.pdbqt
Ligands10000/Ligands79.pdbqt
Ligands10000/Ligands144.dict
Ligands10000/Ligands495.dict
Ligands10000/Ligands872.dict
Ligands10000/Ligands321.pdbqt
Ligands10000/Ligands200.dict
Ligands10000/Ligands419.pdbqt
Ligands10000/Ligands524.dict
Ligands10000/Ligands721.pdbqt
Ligands10000/Ligands256.pdbqt
Ligands10000/Ligands531.dict
Ligands10000/Ligands159.pdbqt
Ligands10000/Ligands782.pdbqt
Ligands10000/Ligands407.pdbqt
Ligands10000/Ligands647.pdbqt
Ligands10000/Ligands336.dict
Ligands10000/Ligands881.pdbqt
Ligands10000/Ligands760.pdbqt
Ligands10000/Ligands665.dict
Ligands10000/Ligands921.dict
Ligands10000/Ligands766.pdbqt
Ligands10000/Ligands382.pdbqt
Ligands10000/Ligands874.dict
Ligands10000/Ligands851.pdbqt
Ligands10000/Ligands246.pdbqt
Ligands10000/Ligands782.dict
Ligands10000/Ligands906.pdbqt
Ligands10000/Ligands235.dict
Ligands10000/Ligands700.pdbqt
Ligands10000/Ligands832.dict
Ligands10000/Ligands331.dict
Ligands10000/Ligands387.pdbqt
Ligands10000/Ligands903.pdbqt
Ligands10000/Ligands238.dict
Ligands10000/Ligands491.dict
Ligands10000/Ligands871.dict
Ligands10000/Ligands76.pdbqt
Ligands10000/Ligands695.pdbqt
Ligands10000/Ligands678.pdbqt
Ligands10000/Ligands768.pdbqt
Ligands10000/Ligands923.pdbqt
Ligands10000/Ligands843.pdbqt
Ligands10000/Ligands228.pdbqt
Ligands10000/Ligands337.pdbqt
Ligands10000/Ligands412.pdbqt
Ligands10000/Ligands414.pdbqt
Ligands10000/Ligands171.pdbqt
Ligands10000/Ligands94.dict
Ligands10000/Ligands217.pdbqt
Ligands10000/Ligands443.dict
Ligands10000/Ligands614.pdbqt
Ligands10000/Ligands469.dict
Ligands10000/Ligands628.dict
Ligands10000/Ligands195.dict
Ligands10000/Ligands82.dict
Ligands10000/Ligands338.dict
Ligands10000/Ligands249.pdbqt
Ligands10000/Ligands656.dict
Ligands10000/Ligands130.pdbqt
Ligands10000/Ligands75.pdbqt
Ligands10000/Ligands638.pdbqt
Ligands10000/Ligands713.pdbqt
Ligands10000/Ligands400.dict
Ligands10000/Ligands147.pdbqt
Ligands10000/Ligands521.dict
Ligands10000/Ligands402.dict
Ligands10000/Ligands840.pdbqt
Ligands10000/Ligands494.pdbqt
Ligands10000/Ligands711.pdbqt
Ligands10000/Ligands213.dict
Ligands10000/Ligands473.dict
Ligands10000/Ligands323.dict
Ligands10000/Ligands243.pdbqt
Ligands10000/Ligands2.pdbqt
Ligands10000/Ligands169.dict
Ligands10000/Ligands449.pdbqt
Ligands10000/Ligands474.dict
Ligands10000/Ligands808.pdbqt
Ligands10000/Ligands624.dict
Ligands10000/Ligands182.pdbqt
Ligands10000/Ligands352.pdbqt
Ligands10000/Ligands594.pdbqt
Ligands10000/Ligands292.pdbqt
Ligands10000/Ligands436.dict
Ligands10000/Ligands309.dict
Ligands10000/Ligands48.pdbqt
Ligands10000/Ligands320.pdbqt
Ligands10000/Ligands112.dict
Ligands10000/Ligands289.pdbqt
Ligands10000/Ligands269.dict
Ligands10000/Ligands353.dict
Ligands10000/Ligands857.pdbqt
Ligands10000/Ligands494.dict
Ligands10000/Ligands837.pdbqt
Ligands10000/Ligands499.dict
Ligands10000/Ligands927.pdbqt
Ligands10000/Ligands38.pdbqt
Ligands10000/Ligands375.pdbqt
Ligands10000/Ligands584.pdbqt
Ligands10000/Ligands136.pdbqt
Ligands10000/Ligands807.pdbqt
Ligands10000/Ligands728.dict
Ligands10000/Ligands891.dict
Ligands10000/Ligands299.pdbqt
Ligands10000/Ligands899.dict
Ligands10000/Ligands466.dict
Ligands10000/Ligands177.pdbqt
Ligands10000/Ligands554.dict
Ligands10000/Ligands198.pdbqt
Ligands10000/Ligands430.dict
Ligands10000/Ligands650.pdbqt
Ligands10000/Ligands347.dict
Ligands10000/Ligands13.pdbqt
Ligands10000/Ligands504.dict
Ligands10000/Ligands802.dict
Ligands10000/Ligands698.dict
Ligands10000/Ligands22.dict
Ligands10000/Ligands810.pdbqt
Ligands10000/Ligands789.pdbqt
Ligands10000/Ligands572.dict
Ligands10000/Ligands44.pdbqt
Ligands10000/Ligands532.pdbqt
Ligands10000/Ligands814.dict
Ligands10000/Ligands293.dict
Ligands10000/Ligands588.dict
Ligands10000/Ligands613.dict
Ligands10000/Ligands767.dict
Ligands10000/Ligands291.pdbqt
Ligands10000/Ligands812.pdbqt
Ligands10000/Ligands337.dict
Ligands10000/Ligands894.dict
Ligands10000/Ligands702.pdbqt
Ligands10000/Ligands397.pdbqt
Ligands10000/Ligands639.dict
Ligands10000/Ligands173.pdbqt
Ligands10000/Ligands268.dict
Ligands10000/Ligands381.pdbqt
Ligands10000/Ligands709.pdbqt
Ligands10000/Ligands363.pdbqt
Ligands10000/Ligands172.dict
Ligands10000/Ligands408.dict
Ligands10000/Ligands246.dict
Ligands10000/Ligands108.dict
Ligands10000/Ligands820.pdbqt
Ligands10000/Ligands760.dict
Ligands10000/Ligands666.dict
Ligands10000/Ligands159.dict
Ligands10000/Ligands860.pdbqt
Ligands10000/Ligands427.pdbqt
Ligands10000/Ligands825.dict
Ligands10000/Ligands357.dict
Ligands10000/Ligands671.dict
Ligands10000/Ligands938.pdbqt
Ligands10000/Ligands675.pdbqt
Ligands10000/Ligands438.dict
Ligands10000/Ligands598.pdbqt
Ligands10000/Ligands676.pdbqt
Ligands10000/Ligands458.pdbqt
Ligands10000/Ligands36.dict
Ligands10000/Ligands534.pdbqt
Ligands10000/Ligands242.pdbqt
Ligands10000/Ligands12.dict
Ligands10000/Ligands602.dict
Ligands10000/Ligands55.dict
Ligands10000/Ligands804.dict
Ligands10000/Ligands594.dict
Ligands10000/Ligands785.dict
Ligands10000/Ligands76.dict
Ligands10000/Ligands434.pdbqt
Ligands10000/Ligands623.dict
Ligands10000/Ligands867.pdbqt
Ligands10000/Ligands357.pdbqt
Ligands10000/Ligands400.pdbqt
Ligands10000/Ligands26.dict
Ligands10000/Ligands409.pdbqt
Ligands10000/Ligands416.dict
Ligands10000/Ligands842.pdbqt
Ligands10000/Ligands480.pdbqt
Ligands10000/Ligands180.pdbqt
Ligands10000/Ligands570.pdbqt
Ligands10000/Ligands409.dict
Ligands10000/Ligands32.pdbqt
Ligands10000/Ligands382.dict
Ligands10000/Ligands134.dict
Ligands10000/Ligands128.dict
Ligands10000/Ligands51.pdbqt
Ligands10000/Ligands800.dict
Ligands10000/Ligands314.dict
Ligands10000/Ligands326.dict
Ligands10000/Ligands115.pdbqt
Ligands10000/Ligands174.dict
Ligands10000/Ligands780.pdbqt
Ligands10000/Ligands329.pdbqt
Ligands10000/Ligands547.dict
Ligands10000/Ligands758.pdbqt
Ligands10000/Ligands718.dict
Ligands10000/Ligands252.dict
Ligands10000/Ligands10.pdbqt
Ligands10000/Ligands569.pdbqt
Ligands10000/Ligands278.pdbqt
Ligands10000/Ligands340.dict
Ligands10000/Ligands37.dict
Ligands10000/Ligands216.dict
Ligands10000/Ligands124.pdbqt
Ligands10000/Ligands404.dict
Ligands10000/Ligands178.pdbqt
Ligands10000/Ligands372.dict
Ligands10000/Ligands167.pdbqt
Ligands10000/Ligands819.pdbqt
Ligands10000/Ligands8.pdbqt
Ligands10000/Ligands741.pdbqt
Ligands10000/Ligands528.dict
Ligands10000/Ligands399.dict
Ligands10000/Ligands503.pdbqt
Ligands10000/Ligands297.dict
Ligands10000/Ligands239.dict
Ligands10000/Ligands537.dict
Ligands10000/Ligands146.pdbqt
Ligands10000/Ligands703.pdbqt
Ligands10000/Ligands49.dict
Ligands10000/Ligands113.pdbqt
Ligands10000/Ligands45.pdbqt
Ligands10000/Ligands773.dict
Ligands10000/Ligands392.dict
Ligands10000/Ligands746.dict
Ligands10000/Ligands664.pdbqt
Ligands10000/Ligands398.pdbqt
Ligands10000/Ligands300.pdbqt
Ligands10000/Ligands428.pdbqt
Ligands10000/Ligands191.pdbqt
Ligands10000/Ligands624.pdbqt
Ligands10000/Ligands749.dict
Ligands10000/Ligands122.pdbqt
Ligands10000/Ligands406.dict
Ligands10000/Ligands433.pdbqt
Ligands10000/Ligands781.dict
Ligands10000/Ligands557.dict
Ligands10000/Ligands444.pdbqt
Ligands10000/Ligands157.dict
Ligands10000/Ligands285.dict
Ligands10000/Ligands377.pdbqt
Ligands10000/Ligands926.dict
Ligands10000/Ligands606.pdbqt
Ligands10000/Ligands508.pdbqt
Ligands10000/Ligands424.dict
Ligands10000/Ligands423.pdbqt
Ligands10000/Ligands184.pdbqt
Ligands10000/Ligands645.pdbqt
Ligands10000/Ligands194.pdbqt
Ligands10000/Ligands755.pdbqt
Ligands10000/Ligands870.dict
Ligands10000/Ligands546.dict
Ligands10000/Ligands308.pdbqt
Ligands10000/Ligands33.dict
Ligands10000/Ligands166.pdbqt
Ligands10000/Ligands7.dict
Ligands10000/Ligands627.pdbqt
Ligands10000/Ligands509.dict
Ligands10000/Ligands891.pdbqt
Ligands10000/Ligands252.pdbqt
Ligands10000/Ligands683.dict
Ligands10000/Ligands65.dict
Ligands10000/Ligands530.pdbqt
Ligands10000/Ligands607.pdbqt
Ligands10000/Ligands462.pdbqt
Ligands10000/Ligands318.dict
Ligands10000/Ligands413.dict
Ligands10000/Ligands349.dict
Ligands10000/Ligands509.pdbqt
Ligands10000/Ligands649.dict
Ligands10000/Ligands527.pdbqt
Ligands10000/Ligands852.pdbqt
Ligands10000/Ligands305.dict
Ligands10000/Ligands483.pdbqt
Ligands10000/Ligands512.pdbqt
Ligands10000/Ligands301.dict
Ligands10000/Ligands249.dict
Ligands10000/Ligands133.pdbqt
Ligands10000/Ligands686.dict
Ligands10000/Ligands349.pdbqt
Ligands10000/Ligands68.pdbqt
Ligands10000/Ligands348.dict
Ligands10000/Ligands798.pdbqt
Ligands10000/Ligands875.dict
Ligands10000/Ligands539.dict
Ligands10000/Ligands775.pdbqt
Ligands10000/Ligands327.dict
Ligands10000/Ligands788.pdbqt
Ligands10000/Ligands3.pdbqt
Ligands10000/Ligands503.dict
Ligands10000/Ligands549.pdbqt
Ligands10000/Ligands115.dict
Ligands10000/Ligands771.pdbqt
Ligands10000/Ligands779.pdbqt
Ligands10000/Ligands133.dict
Ligands10000/Ligands85.pdbqt
Ligands10000/Ligands521.pdbqt
Ligands10000/Ligands663.dict
Ligands10000/Ligands197.pdbqt
Ligands10000/Ligands566.pdbqt
Ligands10000/Ligands225.dict
Ligands10000/Ligands459.pdbqt
Ligands10000/Ligands882.dict
Ligands10000/Ligands786.pdbqt
Ligands10000/Ligands259.dict
Ligands10000/Ligands576.pdbqt
Ligands10000/Ligands596.dict
Ligands10000/Ligands265.dict
Ligands10000/Ligands544.pdbqt
Ligands10000/Ligands914.pdbqt
Ligands10000/Ligands921.pdbqt
Ligands10000/Ligands518.dict
Ligands10000/Ligands420.dict
Ligands10000/Ligands746.pdbqt
Ligands10000/Ligands254.dict
Ligands10000/Ligands653.dict
Ligands10000/Ligands860.dict
Ligands10000/Ligands692.pdbqt
Ligands10000/Ligands848.dict
Ligands10000/Ligands822.dict
Ligands10000/Ligands215.pdbqt
Ligands10000/Ligands753.pdbqt
Ligands10000/Ligands31.dict
Ligands10000/Ligands770.pdbqt
Ligands10000/Ligands655.pdbqt
Ligands10000/Ligands343.dict
Ligands10000/Ligands220.dict
Ligands10000/Ligands777.pdbqt
Ligands10000/Ligands213.pdbqt
Ligands10000/Ligands129.pdbqt
Ligands10000/Ligands131.dict
Ligands10000/Ligands264.dict
Ligands10000/Ligands691.pdbqt
Ligands10000/Ligands437.pdbqt
Ligands10000/Ligands511.dict
Ligands10000/Ligands59.pdbqt
Ligands10000/Ligands870.pdbqt
Ligands10000/Ligands654.dict
Ligands10000/Ligands180.dict
Ligands10000/Ligands463.pdbqt
Ligands10000/Ligands526.pdbqt
Ligands10000/Ligands123.pdbqt
Ligands10000/Ligands745.pdbqt
Ligands10000/Ligands307.dict
Ligands10000/Ligands197.dict
Ligands10000/Ligands64.dict
Ligands10000/Ligands122.dict
Ligands10000/Ligands854.pdbqt
Ligands10000/Ligands66.pdbqt
Ligands10000/Ligands595.pdbqt
Ligands10000/Ligands236.dict
Ligands10000/Ligands492.dict
Ligands10000/Ligands30.dict
Ligands10000/Ligands702.dict
Ligands10000/Ligands19.dict
Ligands10000/Ligands730.pdbqt
Ligands10000/Ligands511.pdbqt
Ligands10000/Ligands910.pdbqt
Ligands10000/Ligands157.pdbqt
Ligands10000/Ligands97.dict
Ligands10000/Ligands65.pdbqt
Ligands10000/Ligands179.dict
Ligands10000/Ligands804.pdbqt
Ligands10000/Ligands829.dict
Ligands10000/Ligands268.pdbqt
Ligands10000/Ligands278.dict
Ligands10000/Ligands193.pdbqt
Ligands10000/Ligands566.dict
Ligands10000/Ligands417.dict
Ligands10000/Ligands202.dict
Ligands10000/Ligands501.dict
Ligands10000/Ligands867.dict
Ligands10000/Ligands93.dict
Ligands10000/Ligands42.dict
Ligands10000/Ligands847.pdbqt
Ligands10000/Ligands439.dict
Ligands10000/Ligands820.dict
Ligands10000/Ligands796.pdbqt
Ligands10000/Ligands868.dict
Ligands10000/Ligands89.pdbqt
Ligands10000/Ligands487.pdbqt
Ligands10000/Ligands826.dict
Ligands10000/Ligands674.dict
Ligands10000/Ligands60.pdbqt
Ligands10000/Ligands441.dict
Ligands10000/Ligands80.dict
Ligands10000/Ligands498.dict
Ligands10000/Ligands346.pdbqt
Ligands10000/Ligands160.pdbqt
Ligands10000/Ligands82.pdbqt
Ligands10000/Ligands99.pdbqt
Ligands10000/Ligands683.pdbqt
Ligands10000/Ligands464.dict
Ligands10000/Ligands523.pdbqt
Ligands10000/Ligands90.dict
Ligands10000/Ligands322.pdbqt
Ligands10000/Ligands649.pdbqt
Ligands10000/Ligands225.pdbqt
Ligands10000/Ligands776.dict
Ligands10000/Ligands318.pdbqt
Ligands10000/Ligands253.pdbqt
Ligands10000/Ligands908.pdbqt
Ligands10000/Ligands629.pdbqt
Ligands10000/Ligands734.dict
Ligands10000/Ligands260.dict
Ligands10000/Ligands310.pdbqt
Ligands10000/Ligands667.pdbqt
Ligands10000/Ligands173.dict
Ligands10000/Ligands451.pdbqt
Ligands10000/Ligands37.pdbqt
Ligands10000/Ligands882.pdbqt
Ligands10000/Ligands303.pdbqt
Ligands10000/Ligands191.dict
Ligands10000/Ligands395.dict
Ligands10000/Ligands387.dict
Ligands10000/Ligands898.pdbqt
Ligands10000/Ligands700.dict
Ligands10000/Ligands436.pdbqt
Ligands10000/Ligands918.dict
Ligands10000/Ligands613.pdbqt
Ligands10000/Ligands152.dict
Ligands10000/Ligands39.dict
Ligands10000/Ligands644.pdbqt
Ligands10000/Ligands16.pdbqt
Ligands10000/Ligands380.dict
Ligands10000/Ligands170.pdbqt
Ligands10000/Ligands428.dict
Ligands10000/Ligands721.dict
Ligands10000/Ligands694.pdbqt
Ligands10000/Ligands615.pdbqt
Ligands10000/Ligands696.pdbqt
Ligands10000/Ligands471.pdbqt
Ligands10000/Ligands282.dict
Ligands10000/Ligands579.pdbqt
Ligands10000/Ligands389.dict
Ligands10000/Ligands836.pdbqt
Ligands10000/Ligands706.dict
Ligands10000/Ligands177.dict
Ligands10000/Ligands714.dict
Ligands10000/Ligands661.dict
Ligands10000/Ligands834.dict
Ligands10000/Ligands790.pdbqt
Ligands10000/Ligands280.pdbqt
Ligands10000/Ligands670.pdbqt
Ligands10000/Ligands724.dict
Ligands10000/Ligands384.dict
Ligands10000/Ligands499.pdbqt
Ligands10000/Ligands611.pdbqt
Ligands10000/Ligands812.dict
Ligands10000/Ligands359.pdbqt
Ligands10000/Ligands442.pdbqt
Ligands10000/Ligands855.pdbqt
Ligands10000/Ligands619.dict
Ligands10000/Ligands488.pdbqt
Ligands10000/Ligands481.pdbqt
Ligands10000/Ligands432.dict
Ligands10000/Ligands597.pdbqt
Ligands10000/Ligands475.pdbqt
Ligands10000/Ligands370.pdbqt
Ligands10000/Ligands52.pdbqt
Ligands10000/Ligands630.dict
Ligands10000/Ligands904.dict
Ligands10000/Ligands658.pdbqt
Ligands10000/Ligands909.pdbqt
Ligands10000/Ligands883.pdbqt
Ligands10000/Ligands939.pdbqt
Ligands10000/Ligands754.pdbqt
Ligands10000/Ligands933.dict
Ligands10000/Ligands651.pdbqt
Ligands10000/Ligands655.dict
Ligands10000/Ligands783.dict
Ligands10000/Ligands656.pdbqt
Ligands10000/Ligands80.pdbqt
Ligands10000/Ligands728.pdbqt
Ligands10000/Ligands824.dict
Ligands10000/Ligands725.dict
Ligands10000/Ligands600.pdbqt
Ligands10000/Ligands879.dict
Ligands10000/Ligands261.dict
Ligands10000/Ligands210.dict
Ligands10000/Ligands136.dict
Ligands10000/Ligands582.pdbqt
Ligands10000/Ligands926.pdbqt
Ligands10000/Ligands797.pdbqt
Ligands10000/Ligands674.pdbqt
Ligands10000/Ligands371.pdbqt
Ligands10000/Ligands715.dict
Ligands10000/Ligands212.dict
Ligands10000/Ligands148.dict
Ligands10000/Ligands185.pdbqt
Ligands10000/Ligands573.pdbqt
Ligands10000/Ligands137.dict
Ligands10000/Ligands86.pdbqt
Ligands10000/Ligands845.pdbqt
Ligands10000/Ligands659.pdbqt
Ligands10000/Ligands73.pdbqt
Ligands10000/Ligands924.dict
Ligands10000/Ligands248.pdbqt
Ligands10000/Ligands592.dict
Ligands10000/Ligands647.dict
Ligands10000/Ligands240.dict
Ligands10000/Ligands306.pdbqt
Ligands10000/Ligands756.dict
Ligands10000/Ligands301.pdbqt
Ligands10000/Ligands114.pdbqt
Ligands10000/Ligands179.pdbqt
Ligands10000/Ligands438.pdbqt
Ligands10000/Ligands551.pdbqt
Ligands10000/Ligands735.pdbqt
Ligands10000/Ligands848.pdbqt
Ligands10000/Ligands74.dict
Ligands10000/Ligands865.pdbqt
Ligands10000/Ligands401.dict
Ligands10000/Ligands221.dict
Ligands10000/Ligands170.dict
Ligands10000/Ligands722.dict
Ligands10000/Ligands875.pdbqt
Ligands10000/Ligands835.pdbqt
Ligands10000/Ligands876.dict
Ligands10000/Ligands472.pdbqt
Ligands10000/Ligands662.dict
Ligands10000/Ligands9.pdbqt
Ligands10000/Ligands849.pdbqt
Ligands10000/Ligands501.pdbqt
Ligands10000/Ligands940.pdbqt
Ligands10000/Ligands757.pdbqt
Ligands10000/Ligands658.dict
Ligands10000/Ligands525.pdbqt
Ligands10000/Ligands236.pdbqt
Ligands10000/Ligands779.dict
Ligands10000/Ligands708.pdbqt
Ligands10000/Ligands405.dict
Ligands10000/Ligands514.pdbqt
Ligands10000/Ligands642.dict
Ligands10000/Ligands887.pdbqt
Ligands10000/Ligands897.pdbqt
Ligands10000/Ligands222.pdbqt
Ligands10000/Ligands128.pdbqt
Ligands10000/Ligands928.dict
Ligands10000/Ligands468.pdbqt
Ligands10000/Ligands330.dict
Ligands10000/Ligands109.pdbqt
Ligands10000/Ligands351.pdbqt
Ligands10000/Ligands907.pdbqt
Ligands10000/Ligands562.dict
Ligands10000/Ligands893.dict
Ligands10000/Ligands813.pdbqt
Ligands10000/Ligands535.pdbqt
Ligands10000/Ligands303.dict
Ligands10000/Ligands336.pdbqt
Ligands10000/Ligands333.dict
Ligands10000/Ligands181.dict
Ligands10000/Ligands238.pdbqt
Ligands10000/Ligands287.pdbqt
Ligands10000/Ligands785.pdbqt
Ligands10000/Ligands536.pdbqt
Ligands10000/Ligands637.dict
Ligands10000/Ligands396.pdbqt
Ligands10000/Ligands144.pdbqt
Ligands10000/Ligands328.dict
Ligands10000/Ligands440.dict
Ligands10000/Ligands712.dict
Ligands10000/Ligands11.pdbqt
Ligands10000/Ligands127.pdbqt
Ligands10000/Ligands777.dict
Ligands10000/Ligands304.pdbqt
Ligands10000/Ligands737.dict
Ligands10000/Ligands415.dict
Ligands10000/Ligands44.dict
Ligands10000/Ligands879.pdbqt
Ligands10000/Ligands212.pdbqt
Ligands10000/Ligands155.pdbqt
Ligands10000/Ligands934.dict
Ligands10000/Ligands873.dict
Ligands10000/Ligands682.dict
Ligands10000/Ligands742.pdbqt
Ligands10000/Ligands591.dict
Ligands10000/Ligands596.pdbqt
Ligands10000/Ligands224.pdbqt
Ligands10000/Ligands610.dict
Ligands10000/Ligands267.dict
Ligands10000/Ligands63.dict
Ligands10000/Ligands30.pdbqt
Ligands10000/Ligands8.dict
Ligands10000/Ligands892.pdbqt
Ligands10000/Ligands811.dict
Ligands10000/Ligands3.dict
Ligands10000/Ligands825.pdbqt
Ligands10000/Ligands298.pdbqt
Ligands10000/Ligands815.pdbqt
Ligands10000/Ligands255.dict
Ligands10000/Ligands758.dict
Ligands10000/Ligands908.dict
Ligands10000/Ligands858.pdbqt
Ligands10000/Ligands463.dict
Ligands10000/Ligands522.pdbqt
Ligands10000/Ligands341.pdbqt
Ligands10000/Ligands559.dict
Ligands10000/Ligands935.pdbqt
Ligands10000/Ligands370.dict
Ligands10000/Ligands625.pdbqt
Ligands10000/Ligands668.dict
Ligands10000/Ligands823.dict
Ligands10000/Ligands24.dict
Ligands10000/Ligands243.dict
Ligands10000/Ligands96.pdbqt
Ligands10000/Ligands745.dict
Ligands10000/Ligands23.pdbqt
Ligands10000/Ligands476.dict
Ligands10000/Ligands490.dict
Ligands10000/Ligands92.pdbqt
Ligands10000/Ligands9.dict
Ligands10000/Ligands24.pdbqt
Ligands10000/Ligands496.pdbqt
Ligands10000/Ligands377.dict
Ligands10000/Ligands787.dict
Ligands10000/Ligands125.dict
Ligands10000/Ligands711.dict
Ligands10000/Ligands549.dict
Ligands10000/Ligands732.dict
Ligands10000/Ligands931.dict
Ligands10000/Ligands584.dict
Ligands10000/Ligands169.pdbqt
Ligands10000/Ligands183.dict
Ligands10000/Ligands344.dict
Ligands10000/Ligands391.dict
Ligands10000/Ligands334.pdbqt
Ligands10000/Ligands440.pdbqt
Ligands10000/Ligands900.dict
Ligands10000/Ligands523.dict
Ligands10000/Ligands916.dict
Ligands10000/Ligands145.dict
Ligands10000/Ligands618.pdbqt
Ligands10000/Ligands587.pdbqt
Ligands10000/Ligands679.pdbqt
Ligands10000/Ligands46.pdbqt
Ligands10000/Ligands729.pdbqt
Ligands10000/Ligands432.pdbqt
Ligands10000/Ligands176.dict
Ligands10000/Ligands218.dict
Ligands10000/Ligands69.dict
Ligands10000/Ligands77.dict
Ligands10000/Ligands763.dict
Ligands10000/Ligands354.pdbqt
Ligands10000/Ligands635.dict
Ligands10000/Ligands581.dict
Ligands10000/Ligands533.pdbqt
Ligands10000/Ligands575.pdbqt
Ligands10000/Ligands350.dict
Ligands10000/Ligands582.dict
Ligands10000/Ligands311.pdbqt
Ligands10000/Ligands211.dict
Ligands10000/Ligands229.pdbqt
Ligands10000/Ligands486.dict
Ligands10000/Ligands742.dict
Ligands10000/Ligands846.dict
Ligands10000/Ligands937.pdbqt
Ligands10000/Ligands391.pdbqt
Ligands10000/Ligands910.dict
Ligands10000/Ligands339.dict
Ligands10000/Ligands918.pdbqt
Ligands10000/Ligands467.dict
Ligands10000/Ligands206.dict
Ligands10000/Ligands689.dict
Ligands10000/Ligands340.pdbqt
Ligands10000/Ligands590.dict
Ligands10000/Ligands685.dict
Ligands10000/Ligands380.pdbqt
Ligands10000/Ligands686.pdbqt
Ligands10000/Ligands138.pdbqt
Ligands10000/Ligands844.pdbqt
Ligands10000/Ligands319.pdbqt
Ligands10000/Ligands735.dict
Ligands10000/Ligands2.dict
Ligands10000/Ligands803.dict
Ligands10000/Ligands837.dict
Ligands10000/Ligands567.dict
Ligands10000/Ligands703.dict
Ligands10000/Ligands421.dict
Ligands10000/Ligands555.dict
Ligands10000/Ligands834.pdbqt
Ligands10000/Ligands294.dict
Ligands10000/Ligands70.dict
Ligands10000/Ligands595.dict
Ligands10000/Ligands934.pdbqt
Ligands10000/Ligands335.pdbqt
Ligands10000/Ligands689.pdbqt
Ligands10000/Ligands676.dict
Ligands10000/Ligands50.pdbqt
Ligands10000/Ligands773.pdbqt
Ligands10000/Ligands362.dict
Ligands10000/Ligands739.pdbqt
Ligands10000/Ligands418.pdbqt
Ligands10000/Ligands412.dict
Ligands10000/Ligands90.pdbqt
Ligands10000/Ligands163.dict
Ligands10000/Ligands552.dict
Ligands10000/Ligands187.dict
Ligands10000/Ligands883.dict
Ligands10000/Ligands841.dict
Ligands10000/Ligands687.dict
Ligands10000/Ligands543.pdbqt
Ligands10000/Ligands83.pdbqt
Ligands10000/Ligands427.dict
Ligands10000/Ligands517.pdbqt
Ligands10000/Ligands165.dict
Ligands10000/Ligands482.dict
Ligands10000/Ligands155.dict
Ligands10000/Ligands275.pdbqt
Ligands10000/Ligands765.pdbqt
Ligands10000/Ligands67.pdbqt
Ligands10000/Ligands920.pdbqt
Ligands10000/Ligands224.dict
Ligands10000/Ligands505.pdbqt
Ligands10000/Ligands40.dict
Ligands10000/Ligands187.pdbqt
Ligands10000/Ligands643.pdbqt
Ligands10000/Ligands657.dict
Ligands10000/Ligands853.dict
Ligands10000/Ligands153.pdbqt
Ligands10000/Ligands507.dict
Ligands10000/Ligands612.pdbqt
Ligands10000/Ligands681.dict
Ligands10000/Ligands204.dict
Ligands10000/Ligands141.pdbqt
Ligands10000/Ligands682.pdbqt
Ligands10000/Ligands771.dict
Ligands10000/Ligands576.dict
Ligands10000/Ligands697.dict
Ligands10000/Ligands373.dict
Ligands10000/Ligands188.pdbqt
Ligands10000/Ligands437.dict
Ligands10000/Ligands196.pdbqt
Ligands10000/Ligands849.dict
Ligands10000/Ligands653.pdbqt
Ligands10000/Ligands450.pdbqt
Ligands10000/Ligands539.pdbqt
Ligands10000/Ligands435.dict
Ligands10000/Ligands254.pdbqt
Ligands10000/Ligands780.dict
Ligands10000/Ligands293.pdbqt
Ligands10000/Ligands403.pdbqt
Ligands10000/Ligands397.dict
Ligands10000/Ligands240.pdbqt
Ligands10000/Ligands551.dict
Ligands10000/Ligands498.pdbqt
Ligands10000/Ligands51.dict
Ligands10000/Ligands367.pdbqt
Ligands10000/Ligands78.pdbqt
Ligands10000/Ligands408.pdbqt
Ligands10000/Ligands124.dict
Ligands10000/Ligands317.pdbqt
Ligands10000/Ligands784.dict
Ligands10000/Ligands489.pdbqt
Ligands10000/Ligands241.dict
Ligands10000/Ligands265.pdbqt
Ligands10000/Ligands431.dict
Ligands10000/Ligands217.dict
Ligands10000/Ligands260.pdbqt
Ligands10000/Ligands544.dict
Ligands10000/Ligands334.dict
Ligands10000/Ligands214.dict
Ligands10000/Ligands296.dict
Ligands10000/Ligands666.pdbqt
Ligands10000/Ligands633.pdbqt
Ligands10000/Ligands181.pdbqt
Ligands10000/Ligands323.pdbqt
Ligands10000/Ligands342.dict
Ligands10000/Ligands341.dict
Ligands10000/Ligands529.pdbqt
Ligands10000/Ligands12.pdbqt
Ligands10000/Ligands363.dict
Ligands10000/Ligands455.dict
Ligands10000/Ligands419.dict
Ligands10000/Ligands898.dict
Ligands10000/Ligands209.pdbqt
Ligands10000/Ligands310.dict
Ligands10000/Ligands774.dict
Ligands10000/Ligands615.dict
Ligands10000/Ligands182.dict
Ligands10000/Ligands816.pdbqt
Ligands10000/Ligands460.dict
Ligands10000/Ligands342.pdbqt
Ligands10000/Ligands106.pdbqt
Ligands10000/Ligands905.dict
Ligands10000/Ligands577.pdbqt
Ligands10000/Ligands712.pdbqt
Ligands10000/Ligands105.dict
Ligands10000/Ligands70.pdbqt
Ligands10000/Ligands865.dict
Ligands10000/Ligands525.dict
Ligands10000/Ligands223.pdbqt
Ligands10000/Ligands657.pdbqt
Ligands10000/Ligands635.pdbqt
Ligands10000/Ligands660.dict
Ligands10000/Ligands73.dict
Ligands10000/Ligands459.dict
Ligands10000/Ligands35.dict
Ligands10000/Ligands792.dict
Ligands10000/Ligands192.pdbqt
Ligands10000/Ligands234.dict
Ligands10000/Ligands420.pdbqt
Ligands10000/Ligands874.pdbqt
Ligands10000/Ligands442.dict
Ligands10000/Ligands524.pdbqt
Ligands10000/Ligands828.pdbqt
Ligands10000/Ligands14.pdbqt
Ligands10000/Ligands623.pdbqt
Ligands10000/Ligands205.pdbqt
Ligands10000/Ligands859.dict
Ligands10000/Ligands880.pdbqt
Ligands10000/Ligands929.pdbqt
Ligands10000/Ligands332.dict
Ligands10000/Ligands219.dict
Ligands10000/Ligands4.pdbqt
Ligands10000/Ligands289.dict
Ligands10000/Ligands740.pdbqt
Ligands10000/Ligands609.pdbqt
Ligands10000/Ligands471.dict
Ligands10000/Ligands580.dict
Ligands10000/Ligands636.pdbqt
Ligands10000/Ligands27.pdbqt
Ligands10000/Ligands457.dict
Ligands10000/Ligands178.dict
Ligands10000/Ligands287.dict
Ligands10000/Ligands218.pdbqt
Ligands10000/Ligands232.pdbqt
Ligands10000/Ligands887.dict
Ligands10000/Ligands460.pdbqt
Ligands10000/Ligands567.pdbqt
Ligands10000/Ligands198.dict
Ligands10000/Ligands62.pdbqt
Ligands10000/Ligands737.pdbqt
Ligands10000/Ligands704.dict
Ligands10000/Ligands309.pdbqt
Ligands10000/Ligands677.dict
Ligands10000/Ligands167.dict
Ligands10000/Ligands904.pdbqt
Ligands10000/Ligands537.pdbqt
Ligands10000/Ligands916.pdbqt
Ligands10000/Ligands200.pdbqt
Ligands10000/Ligands360.dict
Ligands10000/Ligands94.pdbqt
Ligands10000/Ligands709.dict
Ligands10000/Ligands821.pdbqt
Ligands10000/Ligands769.pdbqt
Ligands10000/Ligands407.dict
Ligands10000/Ligands637.pdbqt
Ligands10000/Ligands556.pdbqt
Ligands10000/Ligands479.pdbqt
Ligands10000/Ligands451.dict
Ligands10000/Ligands88.pdbqt
Ligands10000/Ligands355.dict
Ligands10000/Ligands329.dict
Ligands10000/Ligands859.pdbqt
Ligands10000/Ligands506.dict
Ligands10000/Ligands429.dict
Ligands10000/Ligands150.pdbqt
Ligands10000/Ligands726.dict
Ligands10000/Ligands104.dict
Ligands10000/Ligands769.dict
Ligands10000/Ligands352.dict
Ligands10000/Ligands276.dict
Ligands10000/Ligands445.dict
Ligands10000/Ligands560.dict
Ligands10000/Ligands496.dict
Ligands10000/Ligands528.pdbqt
Ligands10000/Ligands634.pdbqt
Ligands10000/Ligands693.dict
Ligands10000/Ligands276.pdbqt
Ligands10000/Ligands156.pdbqt
Ligands10000/Ligands896.dict
Ligands10000/Ligands202.pdbqt
Ligands10000/Ligands298.dict
Ligands10000/Ligands599.dict
Ligands10000/Ligands394.dict
Ligands10000/Ligands83.dict
Ligands10000/Ligands675.dict
Ligands10000/Ligands168.dict
Ligands10000/Ligands913.dict
Ligands10000/Ligands526.dict
Ligands10000/Ligands846.pdbqt
Ligands10000/Ligands497.pdbqt
Ligands10000/Ligands378.pdbqt
Ligands10000/Ligands743.dict
Ligands10000/Ligands134.pdbqt
Ligands10000/Ligands842.dict
Ligands10000/Ligands18.pdbqt
Ligands10000/Ligands640.dict
Ligands10000/Ligands184.dict
Ligands10000/Ligands936.dict
Ligands10000/Ligands516.pdbqt
Ligands10000/Ligands378.dict
Ligands10000/Ligands393.pdbqt
Ligands10000/Ligands564.pdbqt
Ligands10000/Ligands864.pdbqt
Ligands10000/Ligands781.pdbqt
Ligands10000/Ligands580.pdbqt
Ligands10000/Ligands189.dict
Ligands10000/Ligands388.pdbqt
Ligands10000/Ligands665.pdbqt
Ligands10000/Ligands619.pdbqt
Ligands10000/Ligands840.dict
Ligands10000/Ligands476.pdbqt
Ligands10000/Ligands28.dict
Ligands10000/Ligands826.pdbqt
Ligands10000/Ligands410.dict
Ligands10000/Ligands285.pdbqt
Ligands10000/Ligands366.dict
Ligands10000/Ligands185.dict
Ligands10000/Ligands68.dict
Ligands10000/Ligands15.pdbqt
Ligands10000/Ligands227.pdbqt
Ligands10000/Ligands266.pdbqt
Ligands10000/Ligands465.dict
Ligands10000/Ligands654.pdbqt
Ligands10000/Ligands14.dict
Ligands10000/Ligands863.dict
Ligands10000/Ligands154.dict
Ligands10000/Ligands247.pdbqt
Ligands10000/Ligands851.dict
Ligands10000/Ligands199.dict
Ligands10000/Ligands74.pdbqt
Ligands10000/Ligands911.dict
Ligands10000/Ligands548.dict
Ligands10000/Ligands462.dict
Ligands10000/Ligands909.dict
Ligands10000/Ligands923.dict
Ligands10000/Ligands736.dict
Ligands10000/Ligands186.pdbqt
Ligands10000/Ligands110.dict
Ligands10000/Ligands27.dict
Ligands10000/Ligands434.dict
Ligands10000/Ligands693.pdbqt
Ligands10000/Ligands87.pdbqt
Ligands10000/Ligands519.dict
Ligands10000/Ligands671.pdbqt
Ligands10000/Ligands426.pdbqt
Ligands10000/Ligands369.pdbqt
Ligands10000/Ligands56.pdbqt
Ligands10000/Ligands550.pdbqt
Ligands10000/Ligands915.dict
Ligands10000/Ligands858.dict
Ligands10000/Ligands800.pdbqt
Ligands10000/Ligands542.pdbqt
Ligands10000/Ligands622.pdbqt
Ligands10000/Ligands608.pdbqt
Ligands10000/Ligands4.dict
Ligands10000/Ligands756.pdbqt
Ligands10000/Ligands364.dict
Ligands10000/Ligands814.pdbqt
Ligands10000/Ligands885.pdbqt
Ligands10000/Ligands216.pdbqt
Ligands10000/Ligands673.pdbqt
Ligands10000/Ligands855.dict
Ligands10000/Ligands47.pdbqt
Ligands10000/Ligands639.pdbqt
Ligands10000/Ligands490.pdbqt
Ligands10000/Ligands793.dict
Ligands10000/Ligands591.pdbqt
Ligands10000/Ligands92.dict
Ligands10000/Ligands853.pdbqt
Ligands10000/Ligands343.pdbqt
Ligands10000/Ligands932.dict
Ligands10000/Ligands684.dict
Ligands10000/Ligands571.pdbqt
Ligands10000/Ligands474.pdbqt
Ligands10000/Ligands484.dict
Ligands10000/Ligands502.pdbqt
Ligands10000/Ligands762.pdbqt
Ligands10000/Ligands461.dict
Ligands10000/Ligands1.dict
Ligands10000/Ligands414.dict
Ligands10000/Ligands565.dict
Ligands10000/Ligands625.dict
Ligands10000/Ligands583.dict
Ligands10000/Ligands280.dict
Ligands10000/Ligands28.pdbqt
Ligands10000/Ligands495.pdbqt
Ligands10000/Ligands886.pdbqt
Ligands10000/Ligands447.pdbqt
Ligands10000/Ligands5.pdbqt
Ligands10000/Ligands72.dict
Ligands10000/Ligands661.pdbqt
Ligands10000/Ligands345.pdbqt
Ligands10000/Ligands116.pdbqt
Ligands10000/Ligands935.dict
Ligands10000/Ligands838.pdbqt
Ligands10000/Ligands327.pdbqt
Ligands10000/Ligands172.pdbqt
Ligands10000/Ligands313.pdbqt
Ligands10000/Ligands762.dict
Ligands10000/Ligands91.pdbqt
Ligands10000/Ligands570.dict
Ligands10000/Ligands514.dict
Ligands10000/Ligands446.pdbqt
Ligands10000/Ligands794.dict
Ligands10000/Ligands807.dict
Ligands10000/Ligands245.pdbqt
Ligands10000/Ligands861.pdbqt
Ligands10000/Ligands646.dict
Ligands10000/Ligands794.pdbqt
Ligands10000/Ligands648.pdbqt
Ligands10000/Ligands49.pdbqt
Ligands10000/Ligands312.pdbqt
Ligands10000/Ligands792.pdbqt
Ligands10000/Ligands425.pdbqt
Ligands10000/Ligands63.pdbqt
Ligands10000/Ligands743.pdbqt
Ligands10000/Ligands425.dict
Ligands10000/Ligands209.dict
Ligands10000/Ligands296.pdbqt
Ligands10000/Ligands651.dict
Ligands10000/Ligands806.pdbqt
Ligands10000/Ligands590.pdbqt
Ligands10000/Ligands456.pdbqt
Ligands10000/Ligands78.dict
Ligands10000/Ligands21.pdbqt
Ligands10000/Ligands250.dict
Ligands10000/Ligands36.pdbqt
Ligands10000/Ligands902.dict
Ligands10000/Ligands10.dict
Ligands10000/Ligands394.pdbqt
Ligands10000/Ligands868.pdbqt
Ligands10000/Ligands733.dict
Ligands10000/Ligands104.pdbqt
Ligands10000/Ligands850.dict
Ligands10000/Ligands902.pdbqt
Ligands10000/Ligands215.dict
Ligands10000/Ligands513.dict
Ligands10000/Ligands562.pdbqt
Ligands10000/Ligands466.pdbqt
Ligands10000/Ligands597.dict
Ligands10000/Ligands116.dict
Ligands10000/Ligands98.dict
Ligands10000/Ligands338.pdbqt
Ligands10000/Ligands833.pdbqt
Ligands10000/Ligands592.pdbqt
Ligands10000/Ligands890.pdbqt
Ligands10000/Ligands160.dict
Ligands10000/Ligands11.dict
Ligands10000/Ligands824.pdbqt
Ligands10000/Ligands42.pdbqt
Ligands10000/Ligands208.pdbqt
Ligands10000/Ligands111.pdbqt
Ligands10000/Ligands251.pdbqt
Ligands10000/Ligands272.dict
Ligands10000/Ligands175.pdbqt
Ligands10000/Ligands919.pdbqt
Ligands10000/Ligands300.dict
Ligands10000/Ligands536.dict
Ligands10000/Ligands519.pdbqt
Ligands10000/Ligands233.pdbqt
Ligands10000/Ligands755.dict
Ligands10000/Ligands479.dict
Ligands10000/Ligands817.pdbqt
Ligands10000/Ligands803.pdbqt
Ligands10000/Ligands778.dict
Ligands10000/Ligands841.pdbqt
Ligands10000/Ligands919.dict
Ligands10000/Ligands791.pdbqt
Ligands10000/Ligands161.pdbqt
Ligands10000/Ligands148.pdbqt
Ligands10000/Ligands843.dict
Ligands10000/Ligands574.dict
Ligands10000/Ligands819.dict
Ligands10000/Ligands151.pdbqt
Ligands10000/Ligands558.dict
Ligands10000/Ligands477.pdbqt
Ligands10000/Ligands135.dict
Ligands10000/Ligands452.dict
Ligands10000/Ligands91.dict
Ligands10000/Ligands532.dict
Ligands10000/Ligands813.dict
Ligands10000/Ligands195.pdbqt
Ligands10000/Ligands886.dict
Ligands10000/Ligands573.dict
Ligands10000/Ligands799.pdbqt
Ligands10000/Ligands552.pdbqt
Ligands10000/Ligands650.dict
Ligands10000/Ligands153.dict
Ligands10000/Ligands802.pdbqt
Ligands10000/Ligands672.pdbqt
Ligands10000/Ligands405.pdbqt
Ligands10000/Ligands491.pdbqt
Ligands10000/Ligands485.pdbqt
Ligands10000/Ligands621.pdbqt
Ligands10000/Ligands520.dict
Ligands10000/Ligands920.dict
Ligands10000/Ligands127.dict
Ligands10000/Ligands416.pdbqt
Ligands10000/Ligands135.pdbqt
Ligands10000/Ligands917.pdbqt
Ligands10000/Ligands854.dict
Ligands10000/Ligands535.dict
Ligands10000/Ligands221.pdbqt
Ligands10000/Ligands759.dict
Ligands10000/Ligands478.dict
Ligands10000/Ligands147.dict
Ligands10000/Ligands720.pdbqt
Ligands10000/Ligands107.pdbqt
Ligands10000/Ligands17.dict
Ligands10000/Ligands411.pdbqt
Ligands10000/Ligands102.pdbqt
Ligands10000/Ligands358.pdbqt
Ligands10000/Ligands778.pdbqt
Ligands10000/Ligands1.pdbqt
Ligands10000/Ligands723.pdbqt
Ligands10000/Ligands242.dict
Ligands10000/Ligands330.pdbqt
Ligands10000/Ligands21.dict
Ligands10000/Ligands869.dict
Ligands10000/Ligands586.pdbqt
Ligands10000/Ligands194.dict
Ligands10000/Ligands119.dict
Ligands10000/Ligands763.pdbqt
Ligands10000/Ligands818.dict
Ligands10000/Ligands500.pdbqt
Ligands10000/Ligands6.pdbqt
Ligands10000/Ligands911.pdbqt
Ligands10000/Ligands669.pdbqt
Ligands10000/Ligands522.dict
Ligands10000/Ligands816.dict
Ligands10000/Ligands685.pdbqt
Ligands10000/Ligands873.pdbqt
Ligands10000/Ligands872.pdbqt
Ligands10000/Ligands641.pdbqt
Ligands10000/Ligands545.pdbqt
Ligands10000/Ligands500.dict
Ligands10000/Ligands727.dict
Ligands10000/Ligands316.dict
Ligands10000/Ligands464.pdbqt
Ligands10000/Ligands123.dict
Ligands10000/Ligands598.dict
Ligands10000/Ligands113.dict
Ligands10000/Ligands58.pdbqt
Ligands10000/Ligands308.dict
Ligands10000/Ligands616.dict
Ligands10000/Ligands374.dict
Ligands10000/Ligands939.dict
Ligands10000/Ligands69.pdbqt
Ligands10000/Ligands601.pdbqt
Ligands10000/Ligands235.pdbqt
Ligands10000/Ligands22.pdbqt
Ligands10000/Ligands930.dict
Ligands10000/Ligands62.dict
Ligands10000/Ligands770.dict
Ligands10000/Ligands299.dict
Ligands10000/Ligands58.dict
Ligands10000/Ligands569.dict
Ligands10000/Ligands142.dict
Ligands10000/Ligands718.pdbqt
Ligands10000/Ligands845.dict
Ligands10000/Ligands896.pdbqt
Ligands10000/Ligands25.dict
Ligands10000/Ligands126.dict
Ligands10000/Ligands531.pdbqt
Ligands10000/Ligands646.pdbqt
Ligands10000/Ligands186.dict
Ligands10000/Ligands385.pdbqt
Ligands10000/Ligands729.dict
Ligands10000/Ligands176.pdbqt
Ligands10000/Ligands98.pdbqt
Ligands10000/Ligands901.dict
Ligands10000/Ligands332.pdbqt
Ligands10000/Ligands588.pdbqt
Ligands10000/Ligands751.pdbqt
Ligands10000/Ligands60.dict
Ligands10000/Ligands214.pdbqt
Ligands10000/Ligands750.pdbqt
Ligands10000/Ligands39.pdbqt
Ligands10000/Ligands71.pdbqt
Ligands10000/Ligands482.pdbqt
Ligands10000/Ligands541.dict
Ligands10000/Ligands839.pdbqt
Ligands10000/Ligands286.dict
Ligands10000/Ligands46.dict
Ligands10000/Ligands171.dict
Ligands10000/Ligands599.pdbqt
Ligands10000/Ligands255.pdbqt
Ligands10000/Ligands112.pdbqt
Ligands10000/Ligands857.dict
Ligands10000/Ligands295.dict
Ligands10000/Ligands716.pdbqt
Ligands10000/Ligands61.dict
Ligands10000/Ligands505.dict
Ligands10000/Ligands457.pdbqt
Ligands10000/Ligands793.pdbqt
Ligands10000/Ligands430.pdbqt
Ligands10000/Ligands355.pdbqt
Ligands10000/Ligands81.pdbqt
Ligands10000/Ligands929.dict
Ligands10000/Ligands652.pdbqt
Ligands10000/Ligands45.dict
Ligands10000/Ligands922.dict
Ligands10000/Ligands385.dict
Ligands10000/Ligands617.dict
Ligands10000/Ligands543.dict
Ligands10000/Ligands174.pdbqt
Ligands10000/Ligands530.dict
Ligands10000/Ligands708.dict
Ligands10000/Ligands129.dict
Ligands10000/Ligands621.dict
Ligands10000/Ligands192.dict
Ligands10000/Ligands892.dict
Ligands10000/Ligands481.dict
Ligands10000/Ligands574.pdbqt
Ligands10000/Ligands801.dict
Ligands10000/Ligands775.dict
Ligands10000/Ligands839.dict
Ligands10000/Ligands189.pdbqt
Ligands10000/Ligands399.pdbqt
Ligands10000/Ligands99.dict
Ligands10000/Ligands320.dict
Ligands10000/Ligands384.pdbqt
Ligands10000/Ligands748.dict
Ligands10000/Ligands450.dict
Ligands10000/Ligands831.pdbqt
Ligands10000/Ligands620.pdbqt
Ligands10000/Ligands152.pdbqt
Ligands10000/Ligands448.dict
Ligands10000/Ligands379.pdbqt
Ligands10000/Ligands738.pdbqt
Ligands10000/Ligands844.dict
Ligands10000/Ligands302.dict
Ligands10000/Ligands256.dict
Ligands10000/Ligands454.pdbqt
Ligands10000/Ligands201.dict
Ligands10000/Ligands404.pdbqt
Ligands10000/Ligands692.dict
Ligands10000/Ligands707.dict
Ligands10000/Ligands672.dict
Ligands10000/Ligands445.pdbqt
Ligands10000/Ligands732.pdbqt
Ligands10000/Ligands390.dict
Ligands10000/Ligands502.dict
Ligands10000/Ligands726.pdbqt
Ligands10000/Ligands143.dict
Ligands10000/Ligands257.dict
Ligands10000/Ligands677.pdbqt
Ligands10000/Ligands866.dict
Ligands10000/Ligands373.pdbqt
Ligands10000/Ligands603.dict
Ligands10000/Ligands231.dict
Ligands10000/Ligands87.dict
Ligands10000/Ligands258.pdbqt
Ligands10000/Ligands836.dict
Ligands10000/Ligands257.pdbqt
Ligands10000/Ligands581.pdbqt
Ligands10000/Ligands321.dict
Ligands10000/Ligands795.pdbqt
Ligands10000/Ligands175.dict
Ligands10000/Ligands838.dict
Ligands10000/Ligands350.pdbqt
Ligands10000/Ligands190.dict
Ligands10000/Ligands158.dict
Ligands10000/Ligands731.pdbqt
Ligands10000/Ligands228.dict
Ligands10000/Ligands757.dict
Ligands10000/Ligands360.pdbqt
Ligands10000/Ligands43.dict
Ligands10000/Ligands359.dict
Ligands10000/Ligands901.pdbqt
Ligands10000/Ligands741.dict
Ligands10000/Ligands631.pdbqt
Ligands10000/Ligands277.dict
Ligands10000/Ligands878.dict
Ligands10000/Ligands422.pdbqt
Ligands10000/Ligands54.pdbqt
Ligands10000/Ligands604.pdbqt
Ligands10000/Ligands937.dict
Ligands10000/Ligands84.pdbqt
Ligands10000/Ligands163.pdbqt
Ligands10000/Ligands362.pdbqt
Ligands10000/Ligands137.pdbqt
Ligands10000/Ligands899.pdbqt
Ligands10000/Ligands158.pdbqt
Ligands10000/Ligands43.pdbqt
Ligands10000/Ligands560.pdbqt
Ligands10000/Ligands288.pdbqt
Ligands10000/Ligands866.pdbqt
Ligands10000/Ligands120.pdbqt
Ligands10000/Ligands81.dict
Ligands10000/Ligands41.dict
Ligands10000/Ligands555.pdbqt
Ligands10000/Ligands906.dict
Ligands10000/Ligands644.dict
Ligands10000/Ligands607.dict
Ligands10000/Ligands645.dict
Ligands10000/Ligands20.pdbqt
Ligands10000/Ligands610.pdbqt
Ligands10000/Ligands205.dict
Ligands10000/Ligands638.dict
Ligands10000/Ligands492.pdbqt
Ligands10000/Ligands806.dict
Ligands10000/Ligands852.dict
Ligands10000/Ligands470.dict
Ligands10000/Ligands487.dict
Ligands10000/Ligands275.dict
Ligands10000/Ligands286.pdbqt
Ligands10000/Ligands230.pdbqt
Ligands10000/Ligands335.dict
Ligands10000/Ligands719.dict
Ligands10000/Ligands23.dict
Ligands10000/Ligands697.pdbqt
Ligands10000/Ligands396.dict
Ligands10000/Ligands196.dict
Ligands10000/Ligands731.dict
Ligands10000/Ligands507.pdbqt
Ligands10000/Ligands611.dict
Ligands10000/Ligands643.dict
Ligands10000/Ligands441.pdbqt
Ligands10000/Ligands207.dict
Ligands10000/Ligands25.pdbqt
Ligands10000/Ligands550.dict
Ligands10000/Ligands222.dict
Ligands10000/Ligands107.dict
Ligands10000/Ligands304.dict
Ligands10000/Ligands374.pdbqt
Ligands10000/Ligands593.pdbqt
Ligands10000/Ligands797.dict
Ligands10000/Ligands449.dict
Ligands10000/Ligands593.dict
Ligands10000/Ligands365.dict
Ligands10000/Ligands117.dict
Ligands10000/Ligands269.pdbqt
Ligands10000/Ligands534.dict
Ligands10000/Ligands900.pdbqt
Ligands10000/Ligands95.dict
Ligands10000/Ligands356.pdbqt
Ligands10000/Ligands435.pdbqt
Ligands10000/Ligands575.dict
Ligands10000/Ligands313.dict
Ligands10000/Ligands583.pdbqt
Ligands10000/Ligands361.pdbqt
Ligands10000/Ligands348.pdbqt
Ligands10000/Ligands164.pdbqt
Ligands10000/Ligands262.dict
Ligands10000/Ligands406.pdbqt
Ligands10000/Ligands684.pdbqt
Ligands10000/Ligands392.pdbqt
Ligands10000/Ligands465.pdbqt
Ligands10000/Ligands248.dict
Ligands10000/Ligands568.dict
Ligands10000/Ligands707.pdbqt
Ligands10000/Ligands453.dict
Ligands10000/Ligands642.pdbqt
Ligands10000/Ligands622.dict
Ligands10000/Ligands694.dict
Ligands10000/Ligands831.dict
Ligands10000/Ligands585.dict
Ligands10000/Ligands204.pdbqt
Ligands10000/Ligands603.pdbqt
Ligands10000/Ligands669.dict
Ligands10000/Ligands817.dict
Ligands10000/Ligands602.pdbqt
Ligands10000/Ligands203.dict
Ligands10000/Ligands801.pdbqt
Ligands10000/Ligands143.pdbqt
Ligands10000/Ligands13.dict
Ligands10000/Ligands871.pdbqt
Ligands10000/Ligands421.pdbqt
Ligands10000/Ligands897.dict
Ligands10000/Ligands117.pdbqt
Ligands10000/Ligands190.pdbqt
Ligands10000/Ligands166.dict
Ligands10000/Ligands489.dict
Ligands10000/Ligands273.pdbqt
Ligands10000/Ligands125.pdbqt
Ligands10000/Ligands121.dict
Ligands10000/Ligands733.pdbqt
Ligands10000/Ligands151.dict
Ligands10000/Ligands847.dict
Ligands10000/Ligands484.pdbqt
Ligands10000/Ligands605.pdbqt
Ligands10000/Ligands818.pdbqt
Ligands10000/Ligands111.dict
Ligands10000/Ligands922.pdbqt
Ligands10000/Ligands710.pdbqt
Ligands10000/Ligands274.dict
Ligands10000/Ligands263.pdbqt
Ligands10000/Ligands687.pdbqt
Ligands10000/Ligands398.dict
Ligands10000/Ligands752.pdbqt
Ligands10000/Ligands101.pdbqt
Ligands10000/Ligands538.dict
Ligands10000/Ligands627.dict
Ligands10000/Ligands454.dict
Ligands10000/Ligands679.dict
Ligands10000/Ligands472.dict
Ligands10000/Ligands57.pdbqt
Ligands10000/Ligands72.pdbqt
Ligands10000/Ligands633.dict
Ligands10000/Ligands15.dict
Ligands10000/Ligands788.dict
Ligands10000/Ligands317.dict
Ligands10000/Ligands515.pdbqt
Ligands10000/Ligands227.dict
Ligands10000/Ligands34.pdbqt
Ligands10000/Ligands542.dict
Ligands10000/Ligands759.pdbqt
Ligands10000/Ligands877.pdbqt
Ligands10000/Ligands533.dict
Ligands10000/Ligands485.dict
Ligands10000/Ligands131.pdbqt
Ligands10000/Ligands188.dict
Ligands10000/Ligands767.pdbqt
Ligands10000/Ligands429.pdbqt
Ligands10000/Ligands888.pdbqt
Ligands10000/Ligands290.dict
Ligands10000/Ligands630.pdbqt
Ligands10000/Ligands876.pdbqt
Ligands10000/Ligands79.dict
Ligands10000/Ligands830.pdbqt
Ligands10000/Ligands754.dict
Ligands10000/Ligands681.pdbqt
Ligands10000/Ligands493.pdbqt
Ligands10000/Ligands390.pdbqt
Ligands10000/Ligands358.dict
Ligands10000/Ligands563.dict
Ligands10000/Ligands376.dict
Ligands10000/Ligands271.pdbqt
Ligands10000/Ligands750.dict
Ligands10000/Ligands402.pdbqt
Ligands10000/Ligands150.dict
Ligands10000/Ligands546.pdbqt
Ligands10000/Ligands118.pdbqt
Ligands10000/Ligands764.dict
Ligands10000/Ligands747.dict
Ligands10000/Ligands713.dict
Ligands10000/Ligands563.pdbqt
Ligands10000/Ligands612.dict
Ligands10000/Ligands446.dict
Ligands10000/Ligands585.pdbqt
Ligands10000/Ligands701.pdbqt
Ligands10000/Ligands468.dict
Ligands10000/Ligands578.dict
Ligands10000/Ligands670.dict
Ligands10000/Ligands527.dict
Ligands10000/Ligands110.pdbqt
Ligands10000/Ligands226.pdbqt
Ligands10000/Ligands52.dict
Ligands10000/Ligands324.dict
Ligands10000/Ligands913.pdbqt
Ligands10000/Ligands40.pdbqt
Ligands10000/Ligands126.pdbqt
Ligands10000/Ligands66.dict
Ligands10000/Ligands626.dict
Ligands10000/Ligands237.dict
Ligands10000/Ligands295.pdbqt
Ligands10000/Ligands727.pdbqt
Ligands10000/Ligands723.dict
Ligands10000/Ligands809.dict
Ligands10000/Ligands455.pdbqt
Ligands10000/Ligands375.dict
Ligands10000/Ligands20.dict
Ligands10000/Ligands541.pdbqt
Ligands10000/Ligands833.dict
Ligands10000/Ligands925.pdbqt
Ligands10000/Ligands53.dict
Ligands10000/Ligands884.pdbqt
Ligands10000/Ligands364.pdbqt
Ligands10000/Ligands307.pdbqt
Ligands10000/Ligands766.dict
Ligands10000/Ligands540.dict
Ligands10000/Ligands933.pdbqt
Ligands10000/Ligands145.pdbqt
Ligands10000/Ligands141.dict
Ligands10000/Ligands589.pdbqt
Ligands10000/Ligands211.pdbqt
Ligands10000/Ligands291.dict
Ligands10000/Ligands601.dict
Ligands10000/Ligands634.dict
Ligands10000/Ligands367.dict
Ligands10000/Ligands744.pdbqt
Ligands10000/Ligands345.dict
Ligands10000/Ligands663.pdbqt
Ligands10000/Ligands690.dict
Ligands10000/Ligands571.dict
Ligands10000/Ligands418.dict
Ligands10000/Ligands29.dict
Ligands10000/Ligands19.pdbqt
Ligands10000/Ligands556.dict
Ligands10000/Ligands740.dict
Ligands10000/Ligands354.dict
Ligands10000/Ligands93.pdbqt
Ligands10000/Ligands183.pdbqt
Ligands10000/Ligands18.dict
Ligands10000/Ligands164.dict
Ligands10000/Ligands774.pdbqt
Ligands10000/Ligands54.dict
Ligands10000/Ligands284.dict
Ligands10000/Ligands6.dict
Ligands10000/Ligands493.dict
Ligands10000/Ligands75.dict
Ligands10000/Ligands57.dict
Ligands10000/Ligands748.pdbqt
Ligands10000/Ligands119.pdbqt
Ligands10000/Ligands223.dict
Ligands10000/Ligands38.dict
Ligands10000/Ligands138.dict
Ligands10000/Ligands259.pdbqt
Ligands10000/Ligands553.pdbqt
Ligands10000/Ligands744.dict
Ligands10000/Ligands234.pdbqt
Ligands10000/Ligands231.pdbqt
Ligands10000/Ligands319.dict
Ligands10000/Ligands283.dict
Ligands10000/Ligands35.pdbqt
Ligands10000/Ligands895.pdbqt
